[32m2025-08-01 19:32:32 -0400[0m - dagster - [34mDEBUG[0m - __ASSET_JOB - 60334475-91c2-4f37-b0a8-2881545941b6 - 36337 - LOGS_CAPTURED - Started capturing logs in process (pid: 36337).
[32m2025-08-01 19:32:32 -0400[0m - dagster - [34mDEBUG[0m - __ASSET_JOB - 60334475-91c2-4f37-b0a8-2881545941b6 - 36337 - trained_model - STEP_START - Started execution of step "trained_model".
[32m2025-08-01 19:32:32 -0400[0m - dagster - [34mDEBUG[0m - __ASSET_JOB - 60334475-91c2-4f37-b0a8-2881545941b6 - trained_model - Loading file from: /Users/saksh/Documents/my_mlops_project/my_dagster_project/.tmp_dagster_home_rtanod4_/storage/feature_engineered_data using PickledObjectFilesystemIOManager...
[32m2025-08-01 19:32:32 -0400[0m - dagster - [34mDEBUG[0m - __ASSET_JOB - 60334475-91c2-4f37-b0a8-2881545941b6 - 36337 - trained_model - LOADED_INPUT - Loaded input "feature_engineered_data" using input manager "io_manager", from output "result" of step "feature_engineered_data"
[32m2025-08-01 19:32:32 -0400[0m - dagster - [34mDEBUG[0m - __ASSET_JOB - 60334475-91c2-4f37-b0a8-2881545941b6 - 36337 - trained_model - STEP_INPUT - Got input "feature_engineered_data" of type "Dict[String,DataFrame]". (Type check passed).
[32m2025-08-01 19:32:32 -0400[0m - dagster - [34mINFO[0m - __ASSET_JOB - 60334475-91c2-4f37-b0a8-2881545941b6 - trained_model - 🚀 Training model for AAPL with 482 rows...
[32m2025-08-01 19:32:32 -0400[0m - dagster - [34mINFO[0m - __ASSET_JOB - 60334475-91c2-4f37-b0a8-2881545941b6 - trained_model - ✅ AAPL — Train R²: 0.9827, Val R²: 0.6108
[32m2025-08-01 19:32:32 -0400[0m - dagster - [34mINFO[0m - __ASSET_JOB - 60334475-91c2-4f37-b0a8-2881545941b6 - trained_model - 🚀 Training model for TSLA with 482 rows...
[32m2025-08-01 19:32:32 -0400[0m - dagster - [34mINFO[0m - __ASSET_JOB - 60334475-91c2-4f37-b0a8-2881545941b6 - trained_model - ✅ TSLA — Train R²: 0.9791, Val R²: 0.8261
[32m2025-08-01 19:32:32 -0400[0m - dagster - [34mINFO[0m - __ASSET_JOB - 60334475-91c2-4f37-b0a8-2881545941b6 - trained_model - 🚀 Training model for NVDA with 482 rows...
[32m2025-08-01 19:32:32 -0400[0m - dagster - [34mINFO[0m - __ASSET_JOB - 60334475-91c2-4f37-b0a8-2881545941b6 - trained_model - ✅ NVDA — Train R²: 0.9871, Val R²: 0.9688
[32m2025-08-01 19:32:32 -0400[0m - dagster - [34mINFO[0m - __ASSET_JOB - 60334475-91c2-4f37-b0a8-2881545941b6 - trained_model - 🚀 Training model for GOOGL with 482 rows...
[32m2025-08-01 19:32:32 -0400[0m - dagster - [34mINFO[0m - __ASSET_JOB - 60334475-91c2-4f37-b0a8-2881545941b6 - trained_model - ✅ GOOGL — Train R²: 0.9736, Val R²: 0.8787
[32m2025-08-01 19:32:32 -0400[0m - dagster - [34mINFO[0m - __ASSET_JOB - 60334475-91c2-4f37-b0a8-2881545941b6 - trained_model - 🚀 Training model for MSFT with 482 rows...
[32m2025-08-01 19:32:32 -0400[0m - dagster - [34mINFO[0m - __ASSET_JOB - 60334475-91c2-4f37-b0a8-2881545941b6 - trained_model - ✅ MSFT — Train R²: 0.9609, Val R²: 0.9627
[32m2025-08-01 19:32:32 -0400[0m - dagster - [34mINFO[0m - __ASSET_JOB - 60334475-91c2-4f37-b0a8-2881545941b6 - trained_model - 🚀 Training model for AMZN with 482 rows...
[32m2025-08-01 19:32:32 -0400[0m - dagster - [34mINFO[0m - __ASSET_JOB - 60334475-91c2-4f37-b0a8-2881545941b6 - trained_model - ✅ AMZN — Train R²: 0.9826, Val R²: 0.9106
[32m2025-08-01 19:32:32 -0400[0m - dagster - [34mINFO[0m - __ASSET_JOB - 60334475-91c2-4f37-b0a8-2881545941b6 - trained_model - 🚀 Training model for META with 482 rows...
[32m2025-08-01 19:32:32 -0400[0m - dagster - [34mINFO[0m - __ASSET_JOB - 60334475-91c2-4f37-b0a8-2881545941b6 - trained_model - ✅ META — Train R²: 0.9888, Val R²: 0.9253
[32m2025-08-01 19:32:32 -0400[0m - dagster - [34mDEBUG[0m - __ASSET_JOB - 60334475-91c2-4f37-b0a8-2881545941b6 - 36337 - trained_model - STEP_OUTPUT - Yielded output "result" of type "Dict[String,bytes]". (Type check passed).
[32m2025-08-01 19:32:32 -0400[0m - dagster - [34mDEBUG[0m - __ASSET_JOB - 60334475-91c2-4f37-b0a8-2881545941b6 - trained_model - Writing file at: /Users/saksh/Documents/my_mlops_project/my_dagster_project/.tmp_dagster_home_rtanod4_/storage/trained_model using PickledObjectFilesystemIOManager...
[32m2025-08-01 19:32:32 -0400[0m - dagster - [34mDEBUG[0m - __ASSET_JOB - 60334475-91c2-4f37-b0a8-2881545941b6 - 36337 - trained_model - ASSET_MATERIALIZATION - Materialized value trained_model.
[32m2025-08-01 19:32:32 -0400[0m - dagster - [34mDEBUG[0m - __ASSET_JOB - 60334475-91c2-4f37-b0a8-2881545941b6 - 36337 - trained_model - HANDLED_OUTPUT - Handled output "result" using IO manager "io_manager"
[32m2025-08-01 19:32:32 -0400[0m - dagster - [34mDEBUG[0m - __ASSET_JOB - 60334475-91c2-4f37-b0a8-2881545941b6 - 36337 - trained_model - STEP_SUCCESS - Finished execution of step "trained_model" in 93ms.
