[32m2025-08-01 19:27:46 -0400[0m - dagster - [34mDEBUG[0m - __ASSET_JOB - 93ed7386-d176-48c3-86c6-ce0430bc553d - 36254 - LOGS_CAPTURED - Started capturing logs in process (pid: 36254).
[32m2025-08-01 19:27:46 -0400[0m - dagster - [34mDEBUG[0m - __ASSET_JOB - 93ed7386-d176-48c3-86c6-ce0430bc553d - 36254 - model_evaluation - STEP_START - Started execution of step "model_evaluation".
[32m2025-08-01 19:27:46 -0400[0m - dagster - [34mDEBUG[0m - __ASSET_JOB - 93ed7386-d176-48c3-86c6-ce0430bc553d - model_evaluation - Loading file from: /Users/saksh/Documents/my_mlops_project/my_dagster_project/.tmp_dagster_home_rtanod4_/storage/feature_engineered_data using PickledObjectFilesystemIOManager...
[32m2025-08-01 19:27:46 -0400[0m - dagster - [34mDEBUG[0m - __ASSET_JOB - 93ed7386-d176-48c3-86c6-ce0430bc553d - 36254 - model_evaluation - LOADED_INPUT - Loaded input "feature_engineered_data" using input manager "io_manager", from output "result" of step "feature_engineered_data"
[32m2025-08-01 19:27:46 -0400[0m - dagster - [34mDEBUG[0m - __ASSET_JOB - 93ed7386-d176-48c3-86c6-ce0430bc553d - model_evaluation - Loading file from: /Users/saksh/Documents/my_mlops_project/my_dagster_project/.tmp_dagster_home_rtanod4_/storage/trained_model using PickledObjectFilesystemIOManager...
[32m2025-08-01 19:27:46 -0400[0m - dagster - [34mDEBUG[0m - __ASSET_JOB - 93ed7386-d176-48c3-86c6-ce0430bc553d - 36254 - model_evaluation - LOADED_INPUT - Loaded input "trained_model" using input manager "io_manager", from output "result" of step "trained_model"
[32m2025-08-01 19:27:46 -0400[0m - dagster - [34mDEBUG[0m - __ASSET_JOB - 93ed7386-d176-48c3-86c6-ce0430bc553d - 36254 - model_evaluation - STEP_INPUT - Got input "feature_engineered_data" of type "Dict[String,DataFrame]". (Type check passed).
[32m2025-08-01 19:27:46 -0400[0m - dagster - [34mDEBUG[0m - __ASSET_JOB - 93ed7386-d176-48c3-86c6-ce0430bc553d - 36254 - model_evaluation - STEP_INPUT - Got input "trained_model" of type "Dict[String,bytes]". (Type check passed).
[32m2025-08-01 19:27:46 -0400[0m - dagster - [34mINFO[0m - __ASSET_JOB - 93ed7386-d176-48c3-86c6-ce0430bc553d - model_evaluation - 📈 AAPL — Signal: BUY (WEAK) | Test R²: 0.6108
[32m2025-08-01 19:27:46 -0400[0m - dagster - [34mINFO[0m - __ASSET_JOB - 93ed7386-d176-48c3-86c6-ce0430bc553d - model_evaluation - 📈 TSLA — Signal: HOLD (WEAK) | Test R²: 0.8261
[32m2025-08-01 19:27:46 -0400[0m - dagster - [34mINFO[0m - __ASSET_JOB - 93ed7386-d176-48c3-86c6-ce0430bc553d - model_evaluation - 📈 NVDA — Signal: SELL (WEAK) | Test R²: 0.9688
[32m2025-08-01 19:27:46 -0400[0m - dagster - [34mINFO[0m - __ASSET_JOB - 93ed7386-d176-48c3-86c6-ce0430bc553d - model_evaluation - 📈 GOOGL — Signal: BUY (WEAK) | Test R²: 0.8787
[32m2025-08-01 19:27:46 -0400[0m - dagster - [34mINFO[0m - __ASSET_JOB - 93ed7386-d176-48c3-86c6-ce0430bc553d - model_evaluation - 📈 MSFT — Signal: SELL (WEAK) | Test R²: 0.9627
[32m2025-08-01 19:27:46 -0400[0m - dagster - [34mINFO[0m - __ASSET_JOB - 93ed7386-d176-48c3-86c6-ce0430bc553d - model_evaluation - 📈 AMZN — Signal: HOLD (WEAK) | Test R²: 0.9106
[32m2025-08-01 19:27:46 -0400[0m - dagster - [34mINFO[0m - __ASSET_JOB - 93ed7386-d176-48c3-86c6-ce0430bc553d - model_evaluation - 📈 META — Signal: HOLD (WEAK) | Test R²: 0.9253
[32m2025-08-01 19:27:46 -0400[0m - dagster - [34mDEBUG[0m - __ASSET_JOB - 93ed7386-d176-48c3-86c6-ce0430bc553d - 36254 - model_evaluation - STEP_OUTPUT - Yielded output "result" of type "Dict[String,dict]". (Type check passed).
[32m2025-08-01 19:27:46 -0400[0m - dagster - [34mDEBUG[0m - __ASSET_JOB - 93ed7386-d176-48c3-86c6-ce0430bc553d - model_evaluation - Writing file at: /Users/saksh/Documents/my_mlops_project/my_dagster_project/.tmp_dagster_home_rtanod4_/storage/model_evaluation using PickledObjectFilesystemIOManager...
[32m2025-08-01 19:27:46 -0400[0m - dagster - [34mDEBUG[0m - __ASSET_JOB - 93ed7386-d176-48c3-86c6-ce0430bc553d - 36254 - model_evaluation - ASSET_MATERIALIZATION - Materialized value model_evaluation.
[32m2025-08-01 19:27:46 -0400[0m - dagster - [34mDEBUG[0m - __ASSET_JOB - 93ed7386-d176-48c3-86c6-ce0430bc553d - 36254 - model_evaluation - HANDLED_OUTPUT - Handled output "result" using IO manager "io_manager"
[32m2025-08-01 19:27:46 -0400[0m - dagster - [34mDEBUG[0m - __ASSET_JOB - 93ed7386-d176-48c3-86c6-ce0430bc553d - 36254 - model_evaluation - STEP_SUCCESS - Finished execution of step "model_evaluation" in 71ms.
